<?xml version="1.0" encoding="UTF-8"?>
<!-- Generated by org.testng.reporters.JUnitReportReporter -->
<testsuite hostname="Mushfiqs-MBP.attlocal.net" failures="0" tests="1" name="TestNG.TestBrowser" time="9.571" errors="0" timestamp="2023-03-14T09:08:49 PDT" skipped="0">
  <testcase classname="TestNG.TestBrowser" name="TestGooglePage" time="9.571"/>
  <system-out/>
</testsuite> <!-- TestNG.TestBrowser -->
