<?xml version="1.0" encoding="UTF-8"?>
<!-- Generated by org.testng.reporters.JUnitReportReporter -->
<testsuite hostname="Mushfiqs-MBP.attlocal.net" failures="0" tests="3" name="TestNG.TestNG" time="0.006" errors="0" timestamp="2023-03-12T23:04:57 PDT" skipped="0">
  <testcase classname="TestNG.TestNG" name="display2" time="0.001"/>
  <system-out/>
  <testcase classname="TestNG.TestNG" name="display4" time="0.001"/>
  <system-out/>
  <testcase classname="TestNG.TestNG" name="dispay3" time="0.004"/>
  <system-out/>
</testsuite> <!-- TestNG.TestNG -->
