<?xml version="1.0" encoding="UTF-8"?>
<!-- Generated by org.testng.reporters.JUnitReportReporter -->
<testsuite hostname="Mushfiqs-MBP.attlocal.net" failures="0" tests="2" name="TestNG.AnnotationsExample" time="3.909" errors="0" timestamp="2023-03-19T13:05:38 PDT" skipped="0">
  <testcase classname="TestNG.AnnotationsExample" name="LaunchApplication" time="2.759"/>
  <system-out/>
  <testcase classname="TestNG.AnnotationsExample" name="facebook" time="1.150"/>
  <system-out/>
</testsuite> <!-- TestNG.AnnotationsExample -->
