<?xml version="1.0" encoding="UTF-8"?>
<!-- Generated by org.testng.reporters.JUnitReportReporter -->
<testsuite hostname="Mushfiqs-MBP.attlocal.net" failures="0" tests="2" name="TesNGNewclsass.TestNGFirst" time="0.006" errors="0" timestamp="2023-03-08T18:51:11 PST" skipped="0">
  <testcase classname="TesNGNewclsass.TestNGFirst" name="display3" time="0.001"/>
  <system-out/>
  <testcase classname="TesNGNewclsass.TestNGFirst" name="display" time="0.005"/>
  <system-out/>
</testsuite> <!-- TesNGNewclsass.TestNGFirst -->
